<?xml version="1.0" encoding="UTF-8"?>
<testng-results ignored="0" total="1" passed="1" failed="0" skipped="0">
  <reporter-output>
  </reporter-output>
  <suite started-at="2026-03-28T19:50:43 IST" name="Suite" finished-at="2026-03-28T19:51:20 IST" duration-ms="37308">
    <groups>
    </groups>
    <test started-at="2026-03-28T19:50:43 IST" name="Test" finished-at="2026-03-28T19:51:20 IST" duration-ms="37308">
      <class name="tests.HotelsTest">
        <test-method is-config="true" signature="setup()[pri:0, instance:tests.HotelsTest@6ae5aa72]" started-at="2026-03-28T19:50:43 IST" name="setup" finished-at="2026-03-28T19:50:50 IST" duration-ms="7374" status="PASS">
          <reporter-output>
          </reporter-output>
        </test-method> <!-- setup -->
        <test-method signature="verifyHotelsInMumbai()[pri:0, instance:tests.HotelsTest@6ae5aa72]" started-at="2026-03-28T19:50:50 IST" name="verifyHotelsInMumbai" finished-at="2026-03-28T19:51:20 IST" duration-ms="29715" status="PASS">
          <reporter-output>
          </reporter-output>
        </test-method> <!-- verifyHotelsInMumbai -->
        <test-method is-config="true" signature="tearDown()[pri:0, instance:tests.HotelsTest@6ae5aa72]" started-at="2026-03-28T19:51:20 IST" name="tearDown" finished-at="2026-03-28T19:51:20 IST" duration-ms="162" status="PASS">
          <reporter-output>
          </reporter-output>
        </test-method> <!-- tearDown -->
      </class> <!-- tests.HotelsTest -->
    </test> <!-- Test -->
  </suite> <!-- Suite -->
</testng-results>
